Starting process: module

Starting process: 

SCUBA, Version Diamond (64-bit) 3.13.0.56.2
Thu Sep 26 22:29:11 2024

Copyright (c) 1991-1994 by NeoCAD Inc. All rights reserved.
Copyright (c) 1995 AT&T Corp.   All rights reserved.
Copyright (c) 1995-2001 Lucent Technologies Inc.  All rights reserved.
Copyright (c) 2001 Agere Systems   All rights reserved.
Copyright (c) 2002-2023 Lattice Semiconductor Corporation,  All rights reserved.

BEGIN SCUBA Module Synthesis

    Issued command   : /usr/local/diamond/3.13/ispfpga/bin/lin64/scuba -w -n nco -lang verilog -synth lse -bus_exp 7 -bb -arch xo2c00 -type cosine -addr_width 8 -width 10 -pfu -mode 2 -output_reg -area -pipeline 1 
    Circuit name     : nco
    Module type      : cosine
    Module Version   : 1.6
    Ports            : 
	Inputs       : Clock, ClkEn, Reset, Theta[7:0]
	Outputs      : Sine[9:0], Cosine[9:0]
    I/O buffer       : not inserted
    EDIF output      : nco.edn
    Verilog output   : nco.v
    Verilog template : nco_tmpl.v
    Verilog testbench: tb_nco_tmpl.v
    Verilog purpose  : for synthesis and simulation
    Bus notation     : big endian
    Report output    : nco.srp
    Estimated Resource Usage:
            LUT : 122
            Reg : 43

END   SCUBA Module Synthesis

File: nco.lpc created.


End process: completed successfully.


Total Warnings:  0

Total Errors:  0


